{"/Users/mac/Desktop/sandbox/My-portfolio/v2.0.0/src/components/FixedNav/FixedNav.vue": {"path":"/Users/mac/Desktop/sandbox/My-portfolio/v2.0.0/src/components/FixedNav/FixedNav.vue","statementMap":{"0":{"start":{"line":28,"column":0},"end":{"line":28,"column":null}},"1":{"start":{"line":29,"column":0},"end":{"line":29,"column":null}},"2":{"start":{"line":30,"column":0},"end":{"line":30,"column":null}},"3":{"start":{"line":31,"column":0},"end":{"line":31,"column":null}},"4":{"start":{"line":33,"column":0},"end":{"line":33,"column":15}},"5":{"start":{"line":36,"column":4},"end":{"line":36,"column":11}}},"fnMap":{"0":{"name":"(anonymous_7)","decl":{"start":{"line":35,"column":7},"end":{"line":35,"column":null}},"loc":{"start":{"line":35,"column":7},"end":{"line":40,"column":null}}}},"branchMap":{},"s":{"0":1,"1":1,"2":1,"3":1,"4":1,"5":2},"f":{"0":2},"b":{}}
,"/Users/mac/Desktop/sandbox/My-portfolio/v2.0.0/src/components/FixedNav/style.scss": {"path":"/Users/mac/Desktop/sandbox/My-portfolio/v2.0.0/src/components/FixedNav/style.scss","statementMap":{"0":{"start":{"line":1,"column":0},"end":{"line":1,"column":19}}},"fnMap":{},"branchMap":{},"s":{"0":1},"f":{},"b":{},"_coverageSchema":"1a1c01bbd47fc00a2c39e90264f33305004495a9","hash":"ad6a02bbaf2f6404dc2673cbf5e3b3115bf75afa"}
,"/Users/mac/Desktop/sandbox/My-portfolio/v2.0.0/src/fixtures/navItems.ts": {"path":"/Users/mac/Desktop/sandbox/My-portfolio/v2.0.0/src/fixtures/navItems.ts","statementMap":{"0":{"start":{"line":7,"column":28},"end":{"line":7,"column":null}},"1":{"start":{"line":30,"column":0},"end":{"line":30,"column":15}}},"fnMap":{},"branchMap":{},"s":{"0":1,"1":1},"f":{},"b":{}}
,"/Users/mac/Desktop/sandbox/My-portfolio/v2.0.0/src/router/constants.ts": {"path":"/Users/mac/Desktop/sandbox/My-portfolio/v2.0.0/src/router/constants.ts","statementMap":{"0":{"start":{"line":6,"column":26},"end":{"line":6,"column":null}},"1":{"start":{"line":16,"column":9},"end":{"line":16,"column":15}},"2":{"start":{"line":11,"column":30},"end":{"line":11,"column":null}},"3":{"start":{"line":16,"column":15},"end":{"line":16,"column":null}}},"fnMap":{},"branchMap":{},"s":{"0":1,"1":1,"2":1,"3":1},"f":{},"b":{}}
}
